android/app/build/intermediates/manifest_merge_blame_file/debug/manifest-merger-blame-debug-report.txt
1<?xml version="1.0" encoding="utf-8"?>
2<manifest xmlns:android="http://schemas.android.com/apk/res/android"
3    package="com.taroapprn"
4    android:versionCode="1"
5    android:versionName="1.0" >
6
7    <uses-sdk
8        android:minSdkVersion="21"
9        android:targetSdkVersion="31" />
10
11    <uses-permission android:name="android.permission.SYSTEM_ALERT_WINDOW" />
11-->src/debug/AndroidManifest.xml:5:5-77
11-->src/debug/AndroidManifest.xml:5:22-75
12    <uses-permission android:name="android.permission.INTERNET" />
12-->src/main/AndroidManifest.xml:4:5-67
12-->src/main/AndroidManifest.xml:4:22-64
13    <uses-permission android:name="android.permission.ACCESS_WIFI_STATE" />
13-->[com.facebook.flipper:flipper:0.125.0] AndroidManifest.xml:16:5-76
13-->[com.facebook.flipper:flipper:0.125.0] AndroidManifest.xml:16:22-73
14    <uses-permission android:name="android.permission.ACCESS_NETWORK_STATE" /> <!-- Required by older versions of Google Play services to create IID tokens -->
14-->[:react-native-community_netinfo] AndroidManifest.xml:9:5-79
14-->[:react-native-community_netinfo] AndroidManifest.xml:9:22-76
15    <uses-permission android:name="com.google.android.c2dm.permission.RECEIVE" />
15-->[com.google.android.gms:play-services-iid:17.0.0] AndroidManifest.xml:23:5-82
15-->[com.google.android.gms:play-services-iid:17.0.0] AndroidManifest.xml:23:22-79
16    <uses-permission android:name="com.google.android.finsky.permission.BIND_GET_INSTALL_REFERRER_SERVICE" />
16-->[com.android.installreferrer:installreferrer:1.1.2] AndroidManifest.xml:9:5-110
16-->[com.android.installreferrer:installreferrer:1.1.2] AndroidManifest.xml:9:22-107
17
18    <application
18-->src/main/AndroidManifest.xml:6:5-25:19
19        android:name="com.taroapprn.MainApplication"
19-->src/main/AndroidManifest.xml:7:7-38
20        android:allowBackup="false"
20-->src/main/AndroidManifest.xml:11:7-34
21        android:appComponentFactory="androidx.core.app.CoreComponentFactory"
21-->[androidx.core:core:1.7.0] AndroidManifest.xml:24:18-86
22        android:debuggable="true"
23        android:icon="@mipmap/ic_launcher"
23-->src/main/AndroidManifest.xml:9:7-41
24        android:label="@string/app_name"
24-->src/main/AndroidManifest.xml:8:7-39
25        android:roundIcon="@mipmap/ic_launcher_round"
25-->src/main/AndroidManifest.xml:10:7-52
26        android:theme="@style/AppTheme"
26-->src/main/AndroidManifest.xml:12:7-38
27        android:usesCleartextTraffic="true" >
27-->src/debug/AndroidManifest.xml:8:9-44
28        <activity
28-->src/debug/AndroidManifest.xml:11:9-111
29            android:name="com.facebook.react.devsupport.DevSettingsActivity"
29-->src/debug/AndroidManifest.xml:11:19-83
30            android:exported="false" />
30-->src/debug/AndroidManifest.xml:11:84-108
31        <activity
31-->src/main/AndroidManifest.xml:13:7-24:18
32            android:name="com.taroapprn.MainActivity"
32-->src/main/AndroidManifest.xml:14:9-37
33            android:configChanges="keyboard|keyboardHidden|orientation|screenLayout|screenSize|smallestScreenSize|uiMode"
33-->src/main/AndroidManifest.xml:16:9-118
34            android:exported="true"
34-->src/main/AndroidManifest.xml:19:9-32
35            android:label="@string/app_name"
35-->src/main/AndroidManifest.xml:15:9-41
36            android:launchMode="singleTask"
36-->src/main/AndroidManifest.xml:17:9-40
37            android:windowSoftInputMode="adjustResize" >
37-->src/main/AndroidManifest.xml:18:9-51
38            <intent-filter>
38-->src/main/AndroidManifest.xml:20:9-23:25
39                <action android:name="android.intent.action.MAIN" />
39-->src/main/AndroidManifest.xml:21:13-65
39-->src/main/AndroidManifest.xml:21:21-62
40
41                <category android:name="android.intent.category.LAUNCHER" />
41-->src/main/AndroidManifest.xml:22:13-73
41-->src/main/AndroidManifest.xml:22:23-70
42            </intent-filter>
43        </activity>
44
45        <provider
45-->[:react-native-webview] AndroidManifest.xml:10:9-18:20
46            android:name="com.reactnativecommunity.webview.RNCWebViewFileProvider"
46-->[:react-native-webview] AndroidManifest.xml:11:13-83
47            android:authorities="com.taroapprn.fileprovider"
47-->[:react-native-webview] AndroidManifest.xml:12:13-64
48            android:exported="false"
48-->[:react-native-webview] AndroidManifest.xml:13:13-37
49            android:grantUriPermissions="true" >
49-->[:react-native-webview] AndroidManifest.xml:14:13-47
50            <meta-data
50-->[:react-native-webview] AndroidManifest.xml:15:13-17:63
51                android:name="android.support.FILE_PROVIDER_PATHS"
51-->[:react-native-webview] AndroidManifest.xml:16:17-67
52                android:resource="@xml/file_provider_paths" />
52-->[:react-native-webview] AndroidManifest.xml:17:17-60
53        </provider>
54        <provider
54-->[io.github.lucksiege:pictureselector:v2.7.3-rc08] AndroidManifest.xml:14:9-22:20
55            android:name="com.luck.picture.lib.PictureFileProvider"
55-->[io.github.lucksiege:pictureselector:v2.7.3-rc08] AndroidManifest.xml:15:13-68
56            android:authorities="com.taroapprn.luckProvider"
56-->[io.github.lucksiege:pictureselector:v2.7.3-rc08] AndroidManifest.xml:16:13-64
57            android:exported="false"
57-->[io.github.lucksiege:pictureselector:v2.7.3-rc08] AndroidManifest.xml:17:13-37
58            android:grantUriPermissions="true" >
58-->[io.github.lucksiege:pictureselector:v2.7.3-rc08] AndroidManifest.xml:18:13-47
59            <meta-data
59-->[:react-native-webview] AndroidManifest.xml:15:13-17:63
60                android:name="android.support.FILE_PROVIDER_PATHS"
60-->[:react-native-webview] AndroidManifest.xml:16:17-67
61                android:resource="@xml/file_paths" />
61-->[:react-native-webview] AndroidManifest.xml:17:17-60
62        </provider>
63
64        <activity
64-->[io.github.lucksiege:pictureselector:v2.7.3-rc08] AndroidManifest.xml:24:9-26:77
65            android:name="com.luck.picture.lib.PictureSelectorActivity"
65-->[io.github.lucksiege:pictureselector:v2.7.3-rc08] AndroidManifest.xml:25:13-72
66            android:configChanges="orientation|keyboardHidden|screenSize" />
66-->[io.github.lucksiege:pictureselector:v2.7.3-rc08] AndroidManifest.xml:26:13-74
67        <activity
67-->[io.github.lucksiege:pictureselector:v2.7.3-rc08] AndroidManifest.xml:27:9-29:77
68            android:name="com.luck.picture.lib.PictureSelectorWeChatStyleActivity"
68-->[io.github.lucksiege:pictureselector:v2.7.3-rc08] AndroidManifest.xml:28:13-83
69            android:configChanges="orientation|keyboardHidden|screenSize" />
69-->[io.github.lucksiege:pictureselector:v2.7.3-rc08] AndroidManifest.xml:29:13-74
70        <activity
70-->[io.github.lucksiege:pictureselector:v2.7.3-rc08] AndroidManifest.xml:30:9-33:64
71            android:name="com.luck.picture.lib.PictureSelectorCameraEmptyActivity"
71-->[io.github.lucksiege:pictureselector:v2.7.3-rc08] AndroidManifest.xml:31:13-83
72            android:configChanges="orientation|keyboardHidden|screenSize"
72-->[io.github.lucksiege:pictureselector:v2.7.3-rc08] AndroidManifest.xml:32:13-74
73            android:theme="@style/Picture.Theme.Translucent" />
73-->[io.github.lucksiege:pictureselector:v2.7.3-rc08] AndroidManifest.xml:33:13-61
74        <activity
74-->[io.github.lucksiege:pictureselector:v2.7.3-rc08] AndroidManifest.xml:34:9-36:77
75            android:name="com.luck.picture.lib.PictureCustomCameraActivity"
75-->[io.github.lucksiege:pictureselector:v2.7.3-rc08] AndroidManifest.xml:35:13-76
76            android:configChanges="orientation|keyboardHidden|screenSize" />
76-->[io.github.lucksiege:pictureselector:v2.7.3-rc08] AndroidManifest.xml:36:13-74
77        <activity
77-->[io.github.lucksiege:pictureselector:v2.7.3-rc08] AndroidManifest.xml:37:9-39:77
78            android:name="com.luck.picture.lib.PicturePreviewActivity"
78-->[io.github.lucksiege:pictureselector:v2.7.3-rc08] AndroidManifest.xml:38:13-71
79            android:configChanges="orientation|keyboardHidden|screenSize" />
79-->[io.github.lucksiege:pictureselector:v2.7.3-rc08] AndroidManifest.xml:39:13-74
80        <activity
80-->[io.github.lucksiege:pictureselector:v2.7.3-rc08] AndroidManifest.xml:40:9-42:77
81            android:name="com.luck.picture.lib.PictureSelectorPreviewWeChatStyleActivity"
81-->[io.github.lucksiege:pictureselector:v2.7.3-rc08] AndroidManifest.xml:41:13-90
82            android:configChanges="orientation|keyboardHidden|screenSize" />
82-->[io.github.lucksiege:pictureselector:v2.7.3-rc08] AndroidManifest.xml:42:13-74
83        <activity
83-->[io.github.lucksiege:pictureselector:v2.7.3-rc08] AndroidManifest.xml:43:9-46:50
84            android:name="com.luck.picture.lib.PictureVideoPlayActivity"
84-->[io.github.lucksiege:pictureselector:v2.7.3-rc08] AndroidManifest.xml:44:13-73
85            android:configChanges="orientation|keyboardHidden|screenSize"
85-->[io.github.lucksiege:pictureselector:v2.7.3-rc08] AndroidManifest.xml:45:13-74
86            android:screenOrientation="sensor" />
86-->[io.github.lucksiege:pictureselector:v2.7.3-rc08] AndroidManifest.xml:46:13-47
87        <activity
87-->[io.github.lucksiege:pictureselector:v2.7.3-rc08] AndroidManifest.xml:47:9-49:77
88            android:name="com.luck.picture.lib.PictureExternalPreviewActivity"
88-->[io.github.lucksiege:pictureselector:v2.7.3-rc08] AndroidManifest.xml:48:13-79
89            android:configChanges="orientation|keyboardHidden|screenSize" />
89-->[io.github.lucksiege:pictureselector:v2.7.3-rc08] AndroidManifest.xml:49:13-74
90        <activity
90-->[io.github.lucksiege:pictureselector:v2.7.3-rc08] AndroidManifest.xml:50:9-52:77
91            android:name="com.luck.picture.lib.PicturePlayAudioActivity"
91-->[io.github.lucksiege:pictureselector:v2.7.3-rc08] AndroidManifest.xml:51:13-73
92            android:configChanges="orientation|keyboardHidden|screenSize" />
92-->[io.github.lucksiege:pictureselector:v2.7.3-rc08] AndroidManifest.xml:52:13-74
93        <activity
93-->[io.github.lucksiege:pictureselector:v2.7.3-rc08] AndroidManifest.xml:53:9-55:61
94            android:name="com.yalantis.ucrop.UCropActivity"
94-->[io.github.lucksiege:pictureselector:v2.7.3-rc08] AndroidManifest.xml:54:13-60
95            android:theme="@style/Base.Theme.NoActionBar" />
95-->[io.github.lucksiege:pictureselector:v2.7.3-rc08] AndroidManifest.xml:55:13-58
96        <activity
96-->[io.github.lucksiege:pictureselector:v2.7.3-rc08] AndroidManifest.xml:56:9-58:61
97            android:name="com.yalantis.ucrop.PictureMultiCuttingActivity"
97-->[io.github.lucksiege:pictureselector:v2.7.3-rc08] AndroidManifest.xml:57:13-74
98            android:theme="@style/Base.Theme.NoActionBar" />
98-->[io.github.lucksiege:pictureselector:v2.7.3-rc08] AndroidManifest.xml:58:13-58
99        <activity
99-->[com.google.android.gms:play-services-base:17.0.0] AndroidManifest.xml:23:9-26:75
100            android:name="com.google.android.gms.common.api.GoogleApiActivity"
100-->[com.google.android.gms:play-services-base:17.0.0] AndroidManifest.xml:24:13-79
101            android:exported="false"
101-->[com.google.android.gms:play-services-base:17.0.0] AndroidManifest.xml:25:13-37
102            android:theme="@android:style/Theme.Translucent.NoTitleBar" />
102-->[com.google.android.gms:play-services-base:17.0.0] AndroidManifest.xml:26:13-72
103
104        <meta-data
104-->[com.google.android.gms:play-services-basement:17.0.0] AndroidManifest.xml:23:9-25:69
105            android:name="com.google.android.gms.version"
105-->[com.google.android.gms:play-services-basement:17.0.0] AndroidManifest.xml:24:13-58
106            android:value="@integer/google_play_services_version" />
106-->[com.google.android.gms:play-services-basement:17.0.0] AndroidManifest.xml:25:13-66
107
108        <provider
108-->[androidx.emoji2:emoji2:1.0.0] AndroidManifest.xml:26:9-34:20
109            android:name="androidx.startup.InitializationProvider"
109-->[androidx.emoji2:emoji2:1.0.0] AndroidManifest.xml:27:13-67
110            android:authorities="com.taroapprn.androidx-startup"
110-->[androidx.emoji2:emoji2:1.0.0] AndroidManifest.xml:28:13-68
111            android:exported="false" >
111-->[androidx.emoji2:emoji2:1.0.0] AndroidManifest.xml:29:13-37
112            <meta-data
112-->[androidx.emoji2:emoji2:1.0.0] AndroidManifest.xml:31:13-33:52
113                android:name="androidx.emoji2.text.EmojiCompatInitializer"
113-->[androidx.emoji2:emoji2:1.0.0] AndroidManifest.xml:32:17-75
114                android:value="androidx.startup" />
114-->[androidx.emoji2:emoji2:1.0.0] AndroidManifest.xml:33:17-49
115            <meta-data
115-->[androidx.lifecycle:lifecycle-process:2.4.0] AndroidManifest.xml:31:13-33:52
116                android:name="androidx.lifecycle.ProcessLifecycleInitializer"
116-->[androidx.lifecycle:lifecycle-process:2.4.0] AndroidManifest.xml:32:17-78
117                android:value="androidx.startup" />
117-->[androidx.lifecycle:lifecycle-process:2.4.0] AndroidManifest.xml:33:17-49
118        </provider>
119        <!--
120        Service for holding metadata. Cannot be instantiated.
121        Metadata will be merged from other manifests.
122        -->
123        <service
123-->[androidx.camera:camera-core:1.1.0-alpha08] AndroidManifest.xml:31:9-35:45
124            android:name="androidx.camera.core.impl.MetadataHolderService"
124-->[androidx.camera:camera-core:1.1.0-alpha08] AndroidManifest.xml:32:13-75
125            android:enabled="false"
125-->[androidx.camera:camera-core:1.1.0-alpha08] AndroidManifest.xml:33:13-36
126            android:exported="false" />
126-->[androidx.camera:camera-core:1.1.0-alpha08] AndroidManifest.xml:34:13-37
127    </application>
128
129</manifest>